TN:
SF:src/PE102/abstract_class/reduce.ts
FN:11,(anonymous_0)
FN:18,(anonymous_1)
FN:30,(anonymous_2)
FNF:3
FNH:3
FNDA:8,(anonymous_0)
FNDA:8,(anonymous_1)
FNDA:8,(anonymous_2)
DA:4,1
DA:12,8
DA:19,8
DA:31,8
LF:4
LH:4
BRF:0
BRH:0
end_of_record
TN:
SF:src/PE102/subclass/add_reduce.ts
FN:12,(anonymous_0)
FN:19,(anonymous_1)
FN:21,(anonymous_2)
FNF:3
FNH:3
FNDA:2,(anonymous_0)
FNDA:2,(anonymous_1)
FNDA:8,(anonymous_2)
DA:1,1
DA:6,1
DA:12,2
DA:13,2
DA:20,2
DA:21,2
DA:22,8
DA:24,2
DA:25,2
LF:9
LH:9
BRF:0
BRH:0
end_of_record
TN:
SF:src/PE102/subclass/div_reduce.ts
FN:12,(anonymous_0)
FN:19,(anonymous_1)
FN:21,(anonymous_2)
FNF:3
FNH:3
FNDA:2,(anonymous_0)
FNDA:2,(anonymous_1)
FNDA:8,(anonymous_2)
DA:1,1
DA:6,1
DA:12,2
DA:13,2
DA:20,2
DA:21,2
DA:22,8
DA:23,2
DA:25,6
DA:28,2
DA:29,2
LF:11
LH:11
BRDA:22,0,0,2
BRDA:22,0,1,6
BRF:2
BRH:2
end_of_record
TN:
SF:src/PE102/subclass/prod_reduce.ts
FN:12,(anonymous_0)
FN:19,(anonymous_1)
FN:21,(anonymous_2)
FNF:3
FNH:3
FNDA:2,(anonymous_0)
FNDA:2,(anonymous_1)
FNDA:8,(anonymous_2)
DA:1,1
DA:6,1
DA:12,2
DA:13,2
DA:20,2
DA:21,2
DA:22,8
DA:24,2
DA:25,2
LF:9
LH:9
BRF:0
BRH:0
end_of_record
TN:
SF:src/PE102/subclass/sub_reduce.ts
FN:12,(anonymous_0)
FN:19,(anonymous_1)
FN:21,(anonymous_2)
FNF:3
FNH:3
FNDA:2,(anonymous_0)
FNDA:2,(anonymous_1)
FNDA:8,(anonymous_2)
DA:1,1
DA:6,1
DA:12,2
DA:13,2
DA:20,2
DA:21,2
DA:22,8
DA:23,2
DA:25,6
DA:28,2
DA:29,2
LF:11
LH:11
BRDA:22,0,0,2
BRDA:22,0,1,6
BRF:2
BRH:2
end_of_record
